[debug] [2025-10-21T17:25:16.170Z] ----------------------------------------------------------------------
[debug] [2025-10-21T17:25:16.171Z] Command:       /usr/local/bin/node /usr/local/bin/firebase use --add
[debug] [2025-10-21T17:25:16.171Z] CLI Version:   14.4.0
[debug] [2025-10-21T17:25:16.171Z] Platform:      darwin
[debug] [2025-10-21T17:25:16.171Z] Node Version:  v22.16.0
[debug] [2025-10-21T17:25:16.171Z] Time:          Wed Oct 22 2025 01:25:16 GMT+0800 (Taiwan Standard Time)
[debug] [2025-10-21T17:25:16.172Z] ----------------------------------------------------------------------
[debug] 
[debug] [2025-10-21T17:25:16.172Z] >>> [apiv2][query] GET https://firebase-public.firebaseio.com/cli.json [none]
[debug] [2025-10-21T17:25:16.253Z] > command requires scopes: ["email","openid","https://www.googleapis.com/auth/cloudplatformprojects.readonly","https://www.googleapis.com/auth/firebase","https://www.googleapis.com/auth/cloud-platform"]
[debug] [2025-10-21T17:25:16.253Z] > authorizing via signed-in user (adam11341@gmail.com)
[debug] [2025-10-21T17:25:16.253Z] Checked if tokens are valid: false, expires at: 1748978353960
[debug] [2025-10-21T17:25:16.253Z] Checked if tokens are valid: false, expires at: 1748978353960
[debug] [2025-10-21T17:25:16.254Z] > refreshing access token with scopes: []
[debug] [2025-10-21T17:25:16.254Z] >>> [apiv2][query] POST https://www.googleapis.com/oauth2/v3/token [none]
[debug] [2025-10-21T17:25:16.254Z] >>> [apiv2][body] POST https://www.googleapis.com/oauth2/v3/token [omitted]
[debug] [2025-10-21T17:25:16.341Z] <<< [apiv2][status] POST https://www.googleapis.com/oauth2/v3/token 200
[debug] [2025-10-21T17:25:16.341Z] <<< [apiv2][body] POST https://www.googleapis.com/oauth2/v3/token [omitted]
[debug] [2025-10-21T17:25:16.350Z] >>> [apiv2][query] GET https://firebase.googleapis.com/v1beta1/projects pageSize=1000
[debug] [2025-10-21T17:25:16.652Z] <<< [apiv2][status] GET https://firebase-public.firebaseio.com/cli.json 200
[debug] [2025-10-21T17:25:16.653Z] <<< [apiv2][body] GET https://firebase-public.firebaseio.com/cli.json {"cloudBuildErrorAfter":1594252800000,"cloudBuildWarnAfter":1590019200000,"defaultNode10After":1594252800000,"minVersion":"3.0.5","node8DeploysDisabledAfter":1613390400000,"node8RuntimeDisabledAfter":1615809600000,"node8WarnAfter":1600128000000}
[debug] [2025-10-21T17:25:16.871Z] <<< [apiv2][status] GET https://firebase.googleapis.com/v1beta1/projects 200
[debug] [2025-10-21T17:25:16.871Z] <<< [apiv2][body] GET https://firebase.googleapis.com/v1beta1/projects [omitted]
[debug] [2025-10-21T17:27:28.188Z] ExitPromptError: User force closed the prompt with SIGINT
    at Interface.sigint (/usr/local/lib/node_modules/firebase-tools/node_modules/@inquirer/core/dist/commonjs/lib/create-prompt.js:101:37)
    at Interface.emit (node:events:518:28)
    at Interface.emit (node:domain:489:12)
    at [_ttyWrite] [as _ttyWrite] (node:internal/readline/interface:1128:18)
    at ReadStream.onkeypress (node:internal/readline/interface:267:20)
    at ReadStream.emit (node:events:530:35)
    at ReadStream.emit (node:domain:489:12)
    at emitKeys (node:internal/readline/utils:370:14)
    at emitKeys.next (<anonymous>)
    at ReadStream.onData (node:internal/readline/emitKeypressEvents:64:36)
[error] 
[error] Error: An unexpected error has occurred.
